TruequeWorld/app/build/intermediates/manifest_merge_blame_file/debug/manifest-merger-blame-debug-report.txt
1<?xml version="1.0" encoding="utf-8"?>
2<manifest xmlns:android="http://schemas.android.com/apk/res/android"
3    package="com.example.truequeworld"
4    android:versionCode="1"
5    android:versionName="1.0" >
6
7    <uses-sdk
8        android:minSdkVersion="24"
8-->src\main\AndroidManifest.xml
9        android:targetSdkVersion="33" />
9-->src\main\AndroidManifest.xml
10
11    <uses-permission android:name="android.permission.INTERNET" />
11-->src\main\AndroidManifest.xml:5:5-67
11-->src\main\AndroidManifest.xml:5:22-64
12    <uses-permission android:name="android.permission.GET_ACCOUNTS" />
12-->src\main\AndroidManifest.xml:6:5-71
12-->src\main\AndroidManifest.xml:6:22-68
13    <uses-permission android:name="android.permission.READ_EXTERNAL_STORAGE" />
13-->src\main\AndroidManifest.xml:7:5-80
13-->src\main\AndroidManifest.xml:7:22-77
14    <uses-permission android:name="android.permission.WRITE_EXTERNAL_STORAGE" />
14-->src\main\AndroidManifest.xml:8:5-81
14-->src\main\AndroidManifest.xml:8:22-78
15    <uses-permission android:name="android.permission.ACCESS_NETWORK_STATE" />
15-->[com.google.firebase:firebase-messaging:23.4.1] AndroidManifest.xml:22:5-79
15-->[com.google.firebase:firebase-messaging:23.4.1] AndroidManifest.xml:22:22-76
16    <uses-permission android:name="android.permission.POST_NOTIFICATIONS" />
16-->[com.google.firebase:firebase-messaging:23.4.1] AndroidManifest.xml:23:5-77
16-->[com.google.firebase:firebase-messaging:23.4.1] AndroidManifest.xml:23:22-74
17    <uses-permission android:name="android.permission.WAKE_LOCK" /> <!-- Required by older versions of Google Play services to create IID tokens -->
17-->[com.google.firebase:firebase-messaging:23.4.1] AndroidManifest.xml:24:5-68
17-->[com.google.firebase:firebase-messaging:23.4.1] AndroidManifest.xml:24:22-65
18    <uses-permission android:name="com.google.android.c2dm.permission.RECEIVE" />
18-->[com.google.firebase:firebase-messaging:23.4.1] AndroidManifest.xml:26:5-82
18-->[com.google.firebase:firebase-messaging:23.4.1] AndroidManifest.xml:26:22-79
19    <uses-permission android:name="com.google.android.gms.permission.AD_ID" />
19-->[com.google.android.gms:play-services-measurement-api:21.5.1] AndroidManifest.xml:25:5-79
19-->[com.google.android.gms:play-services-measurement-api:21.5.1] AndroidManifest.xml:25:22-76
20    <uses-permission android:name="android.permission.ACCESS_ADSERVICES_ATTRIBUTION" />
20-->[com.google.android.gms:play-services-measurement-api:21.5.1] AndroidManifest.xml:26:5-88
20-->[com.google.android.gms:play-services-measurement-api:21.5.1] AndroidManifest.xml:26:22-85
21    <uses-permission android:name="android.permission.ACCESS_ADSERVICES_AD_ID" />
21-->[com.google.android.gms:play-services-measurement-api:21.5.1] AndroidManifest.xml:27:5-82
21-->[com.google.android.gms:play-services-measurement-api:21.5.1] AndroidManifest.xml:27:22-79
22    <uses-permission android:name="com.google.android.finsky.permission.BIND_GET_INSTALL_REFERRER_SERVICE" />
22-->[com.google.android.gms:play-services-measurement:21.5.1] AndroidManifest.xml:26:5-110
22-->[com.google.android.gms:play-services-measurement:21.5.1] AndroidManifest.xml:26:22-107
23
24    <permission
24-->[androidx.core:core:1.9.0] AndroidManifest.xml:22:5-24:47
25        android:name="com.example.truequeworld.DYNAMIC_RECEIVER_NOT_EXPORTED_PERMISSION"
25-->[androidx.core:core:1.9.0] AndroidManifest.xml:23:9-81
26        android:protectionLevel="signature" />
26-->[androidx.core:core:1.9.0] AndroidManifest.xml:24:9-44
27
28    <uses-permission android:name="com.example.truequeworld.DYNAMIC_RECEIVER_NOT_EXPORTED_PERMISSION" />
28-->[androidx.core:core:1.9.0] AndroidManifest.xml:26:5-97
28-->[androidx.core:core:1.9.0] AndroidManifest.xml:26:22-94
29
30    <application
30-->src\main\AndroidManifest.xml:10:5-57:19
31        android:allowBackup="true"
31-->src\main\AndroidManifest.xml:11:9-35
32        android:appComponentFactory="androidx.core.app.CoreComponentFactory"
32-->[androidx.core:core:1.9.0] AndroidManifest.xml:28:18-86
33        android:dataExtractionRules="@xml/data_extraction_rules"
33-->src\main\AndroidManifest.xml:12:9-65
34        android:debuggable="true"
35        android:extractNativeLibs="false"
36        android:fullBackupContent="@xml/backup_rules"
36-->src\main\AndroidManifest.xml:13:9-54
37        android:icon="@drawable/elegido"
37-->src\main\AndroidManifest.xml:14:9-41
38        android:label="@string/app_name"
38-->src\main\AndroidManifest.xml:15:9-41
39        android:roundIcon="@drawable/elegido"
39-->src\main\AndroidManifest.xml:16:9-46
40        android:supportsRtl="true"
40-->src\main\AndroidManifest.xml:17:9-35
41        android:testOnly="true"
42        android:theme="@style/Theme.TruequeWorld"
42-->src\main\AndroidManifest.xml:18:9-50
43        android:usesCleartextTraffic="true" >
43-->src\main\AndroidManifest.xml:19:9-44
44        <activity
44-->src\main\AndroidManifest.xml:22:9-24:40
45            android:name="com.example.truequeworld.RegisterScreen"
45-->src\main\AndroidManifest.xml:23:13-43
46            android:exported="false" />
46-->src\main\AndroidManifest.xml:24:13-37
47        <activity
47-->src\main\AndroidManifest.xml:25:9-27:40
48            android:name="com.example.truequeworld.Addproductscreen"
48-->src\main\AndroidManifest.xml:26:13-45
49            android:exported="false" />
49-->src\main\AndroidManifest.xml:27:13-37
50        <activity
50-->src\main\AndroidManifest.xml:28:9-31:40
51            android:name="com.example.truequeworld.StartScreen"
51-->src\main\AndroidManifest.xml:29:13-40
52            android:exported="false"
52-->src\main\AndroidManifest.xml:30:13-37
53            android:noHistory="true" />
53-->src\main\AndroidManifest.xml:31:13-37
54        <activity
54-->src\main\AndroidManifest.xml:32:9-42:20
55            android:name="com.example.truequeworld.SplashScreen"
55-->src\main\AndroidManifest.xml:33:13-41
56            android:exported="true"
56-->src\main\AndroidManifest.xml:34:13-36
57            android:noHistory="true" >
57-->src\main\AndroidManifest.xml:35:13-37
58            " /**EVITAR QUE EL USUARIO PUEDA RETROCEDER AL LAYOUT ANTERIOR**/"
59            <intent-filter>
59-->src\main\AndroidManifest.xml:37:13-41:29
60                <action android:name="android.intent.action.MAIN" />
60-->src\main\AndroidManifest.xml:38:17-69
60-->src\main\AndroidManifest.xml:38:25-66
61
62                <category android:name="android.intent.category.LAUNCHER" />
62-->src\main\AndroidManifest.xml:40:17-77
62-->src\main\AndroidManifest.xml:40:27-74
63            </intent-filter>
64        </activity>
65        <activity
65-->src\main\AndroidManifest.xml:43:9-45:40
66            android:name="com.example.truequeworld.MainScreen"
66-->src\main\AndroidManifest.xml:44:13-39
67            android:exported="false" />
67-->src\main\AndroidManifest.xml:45:13-37
68        <activity
68-->src\main\AndroidManifest.xml:46:9-48:40
69            android:name="com.example.truequeworld.Preference_screen"
69-->src\main\AndroidManifest.xml:47:13-46
70            android:exported="false" />
70-->src\main\AndroidManifest.xml:48:13-37
71
72        <service
72-->src\main\AndroidManifest.xml:49:9-55:19
73            android:name="com.example.truequeworld.firebase.MessagingService"
73-->src\main\AndroidManifest.xml:50:13-54
74            android:exported="false" >
74-->src\main\AndroidManifest.xml:51:13-37
75            <intent-filter>
75-->src\main\AndroidManifest.xml:52:13-54:29
76                <action android:name="com.google.firebase.MESSAGING_EVENT" />
76-->src\main\AndroidManifest.xml:53:17-77
76-->src\main\AndroidManifest.xml:53:25-75
77            </intent-filter>
78        </service>
79
80        <activity
80-->[com.google.android.gms:play-services-auth:20.7.0] AndroidManifest.xml:23:9-27:75
81            android:name="com.google.android.gms.auth.api.signin.internal.SignInHubActivity"
81-->[com.google.android.gms:play-services-auth:20.7.0] AndroidManifest.xml:24:13-93
82            android:excludeFromRecents="true"
82-->[com.google.android.gms:play-services-auth:20.7.0] AndroidManifest.xml:25:13-46
83            android:exported="false"
83-->[com.google.android.gms:play-services-auth:20.7.0] AndroidManifest.xml:26:13-37
84            android:theme="@android:style/Theme.Translucent.NoTitleBar" />
84-->[com.google.android.gms:play-services-auth:20.7.0] AndroidManifest.xml:27:13-72
85        <!--
86            Service handling Google Sign-In user revocation. For apps that do not integrate with
87            Google Sign-In, this service will never be started.
88        -->
89        <service
89-->[com.google.android.gms:play-services-auth:20.7.0] AndroidManifest.xml:33:9-37:51
90            android:name="com.google.android.gms.auth.api.signin.RevocationBoundService"
90-->[com.google.android.gms:play-services-auth:20.7.0] AndroidManifest.xml:34:13-89
91            android:exported="true"
91-->[com.google.android.gms:play-services-auth:20.7.0] AndroidManifest.xml:35:13-36
92            android:permission="com.google.android.gms.auth.api.signin.permission.REVOCATION_NOTIFICATION"
92-->[com.google.android.gms:play-services-auth:20.7.0] AndroidManifest.xml:36:13-107
93            android:visibleToInstantApps="true" />
93-->[com.google.android.gms:play-services-auth:20.7.0] AndroidManifest.xml:37:13-48
94
95        <receiver
95-->[com.google.firebase:firebase-messaging:23.4.1] AndroidManifest.xml:29:9-40:20
96            android:name="com.google.firebase.iid.FirebaseInstanceIdReceiver"
96-->[com.google.firebase:firebase-messaging:23.4.1] AndroidManifest.xml:30:13-78
97            android:exported="true"
97-->[com.google.firebase:firebase-messaging:23.4.1] AndroidManifest.xml:31:13-36
98            android:permission="com.google.android.c2dm.permission.SEND" >
98-->[com.google.firebase:firebase-messaging:23.4.1] AndroidManifest.xml:32:13-73
99            <intent-filter>
99-->[com.google.firebase:firebase-messaging:23.4.1] AndroidManifest.xml:33:13-35:29
100                <action android:name="com.google.android.c2dm.intent.RECEIVE" />
100-->[com.google.firebase:firebase-messaging:23.4.1] AndroidManifest.xml:34:17-81
100-->[com.google.firebase:firebase-messaging:23.4.1] AndroidManifest.xml:34:25-78
101            </intent-filter>
102
103            <meta-data
103-->[com.google.firebase:firebase-messaging:23.4.1] AndroidManifest.xml:37:13-39:40
104                android:name="com.google.android.gms.cloudmessaging.FINISHED_AFTER_HANDLED"
104-->[com.google.firebase:firebase-messaging:23.4.1] AndroidManifest.xml:38:17-92
105                android:value="true" />
105-->[com.google.firebase:firebase-messaging:23.4.1] AndroidManifest.xml:39:17-37
106        </receiver>
107        <!--
108             FirebaseMessagingService performs security checks at runtime,
109             but set to not exported to explicitly avoid allowing another app to call it.
110        -->
111        <service
111-->[com.google.firebase:firebase-messaging:23.4.1] AndroidManifest.xml:46:9-53:19
112            android:name="com.google.firebase.messaging.FirebaseMessagingService"
112-->[com.google.firebase:firebase-messaging:23.4.1] AndroidManifest.xml:47:13-82
113            android:directBootAware="true"
113-->[com.google.firebase:firebase-messaging:23.4.1] AndroidManifest.xml:48:13-43
114            android:exported="false" >
114-->[com.google.firebase:firebase-messaging:23.4.1] AndroidManifest.xml:49:13-37
115            <intent-filter android:priority="-500" >
115-->src\main\AndroidManifest.xml:52:13-54:29
116                <action android:name="com.google.firebase.MESSAGING_EVENT" />
116-->src\main\AndroidManifest.xml:53:17-77
116-->src\main\AndroidManifest.xml:53:25-75
117            </intent-filter>
118        </service>
119        <service
119-->[com.google.firebase:firebase-messaging:23.4.1] AndroidManifest.xml:54:9-63:19
120            android:name="com.google.firebase.components.ComponentDiscoveryService"
120-->[com.google.firebase:firebase-messaging:23.4.1] AndroidManifest.xml:55:13-84
121            android:directBootAware="true"
121-->[com.google.firebase:firebase-common:20.4.2] AndroidManifest.xml:32:13-43
122            android:exported="false" >
122-->[com.google.firebase:firebase-messaging:23.4.1] AndroidManifest.xml:56:13-37
123            <meta-data
123-->[com.google.firebase:firebase-messaging:23.4.1] AndroidManifest.xml:57:13-59:85
124                android:name="com.google.firebase.components:com.google.firebase.messaging.FirebaseMessagingKtxRegistrar"
124-->[com.google.firebase:firebase-messaging:23.4.1] AndroidManifest.xml:58:17-122
125                android:value="com.google.firebase.components.ComponentRegistrar" />
125-->[com.google.firebase:firebase-messaging:23.4.1] AndroidManifest.xml:59:17-82
126            <meta-data
126-->[com.google.firebase:firebase-messaging:23.4.1] AndroidManifest.xml:60:13-62:85
127                android:name="com.google.firebase.components:com.google.firebase.messaging.FirebaseMessagingRegistrar"
127-->[com.google.firebase:firebase-messaging:23.4.1] AndroidManifest.xml:61:17-119
128                android:value="com.google.firebase.components.ComponentRegistrar" />
128-->[com.google.firebase:firebase-messaging:23.4.1] AndroidManifest.xml:62:17-82
129            <meta-data
129-->[com.google.firebase:firebase-firestore:24.10.2] AndroidManifest.xml:17:13-19:85
130                android:name="com.google.firebase.components:com.google.firebase.firestore.FirebaseFirestoreKtxRegistrar"
130-->[com.google.firebase:firebase-firestore:24.10.2] AndroidManifest.xml:18:17-122
131                android:value="com.google.firebase.components.ComponentRegistrar" />
131-->[com.google.firebase:firebase-firestore:24.10.2] AndroidManifest.xml:19:17-82
132            <meta-data
132-->[com.google.firebase:firebase-firestore:24.10.2] AndroidManifest.xml:20:13-22:85
133                android:name="com.google.firebase.components:com.google.firebase.firestore.FirestoreRegistrar"
133-->[com.google.firebase:firebase-firestore:24.10.2] AndroidManifest.xml:21:17-111
134                android:value="com.google.firebase.components.ComponentRegistrar" />
134-->[com.google.firebase:firebase-firestore:24.10.2] AndroidManifest.xml:22:17-82
135            <meta-data
135-->[com.google.firebase:firebase-datatransport:18.1.7] AndroidManifest.xml:27:13-29:85
136                android:name="com.google.firebase.components:com.google.firebase.datatransport.TransportRegistrar"
136-->[com.google.firebase:firebase-datatransport:18.1.7] AndroidManifest.xml:28:17-115
137                android:value="com.google.firebase.components.ComponentRegistrar" />
137-->[com.google.firebase:firebase-datatransport:18.1.7] AndroidManifest.xml:29:17-82
138            <meta-data
138-->[com.google.android.gms:play-services-measurement-api:21.5.1] AndroidManifest.xml:37:13-39:85
139                android:name="com.google.firebase.components:com.google.firebase.analytics.connector.internal.AnalyticsConnectorRegistrar"
139-->[com.google.android.gms:play-services-measurement-api:21.5.1] AndroidManifest.xml:38:17-139
140                android:value="com.google.firebase.components.ComponentRegistrar" />
140-->[com.google.android.gms:play-services-measurement-api:21.5.1] AndroidManifest.xml:39:17-82
141            <meta-data
141-->[com.google.firebase:firebase-installations:17.2.0] AndroidManifest.xml:15:13-17:85
142                android:name="com.google.firebase.components:com.google.firebase.installations.FirebaseInstallationsKtxRegistrar"
142-->[com.google.firebase:firebase-installations:17.2.0] AndroidManifest.xml:16:17-130
143                android:value="com.google.firebase.components.ComponentRegistrar" />
143-->[com.google.firebase:firebase-installations:17.2.0] AndroidManifest.xml:17:17-82
144            <meta-data
144-->[com.google.firebase:firebase-installations:17.2.0] AndroidManifest.xml:18:13-20:85
145                android:name="com.google.firebase.components:com.google.firebase.installations.FirebaseInstallationsRegistrar"
145-->[com.google.firebase:firebase-installations:17.2.0] AndroidManifest.xml:19:17-127
146                android:value="com.google.firebase.components.ComponentRegistrar" />
146-->[com.google.firebase:firebase-installations:17.2.0] AndroidManifest.xml:20:17-82
147            <meta-data
147-->[com.google.firebase:firebase-common-ktx:20.4.2] AndroidManifest.xml:12:13-14:85
148                android:name="com.google.firebase.components:com.google.firebase.ktx.FirebaseCommonLegacyRegistrar"
148-->[com.google.firebase:firebase-common-ktx:20.4.2] AndroidManifest.xml:13:17-116
149                android:value="com.google.firebase.components.ComponentRegistrar" />
149-->[com.google.firebase:firebase-common-ktx:20.4.2] AndroidManifest.xml:14:17-82
150            <meta-data
150-->[com.google.firebase:firebase-common:20.4.2] AndroidManifest.xml:35:13-37:85
151                android:name="com.google.firebase.components:com.google.firebase.FirebaseCommonKtxRegistrar"
151-->[com.google.firebase:firebase-common:20.4.2] AndroidManifest.xml:36:17-109
152                android:value="com.google.firebase.components.ComponentRegistrar" />
152-->[com.google.firebase:firebase-common:20.4.2] AndroidManifest.xml:37:17-82
153        </service>
154        <service
154-->[com.google.android.datatransport:transport-backend-cct:3.1.8] AndroidManifest.xml:28:9-34:19
155            android:name="com.google.android.datatransport.runtime.backends.TransportBackendDiscovery"
155-->[com.google.android.datatransport:transport-backend-cct:3.1.8] AndroidManifest.xml:29:13-103
156            android:exported="false" >
156-->[com.google.android.datatransport:transport-backend-cct:3.1.8] AndroidManifest.xml:30:13-37
157            <meta-data
157-->[com.google.android.datatransport:transport-backend-cct:3.1.8] AndroidManifest.xml:31:13-33:39
158                android:name="backend:com.google.android.datatransport.cct.CctBackendFactory"
158-->[com.google.android.datatransport:transport-backend-cct:3.1.8] AndroidManifest.xml:32:17-94
159                android:value="cct" />
159-->[com.google.android.datatransport:transport-backend-cct:3.1.8] AndroidManifest.xml:33:17-36
160        </service>
161        <service
161-->[com.google.android.datatransport:transport-runtime:3.1.8] AndroidManifest.xml:26:9-30:19
162            android:name="com.google.android.datatransport.runtime.scheduling.jobscheduling.JobInfoSchedulerService"
162-->[com.google.android.datatransport:transport-runtime:3.1.8] AndroidManifest.xml:27:13-117
163            android:exported="false"
163-->[com.google.android.datatransport:transport-runtime:3.1.8] AndroidManifest.xml:28:13-37
164            android:permission="android.permission.BIND_JOB_SERVICE" >
164-->[com.google.android.datatransport:transport-runtime:3.1.8] AndroidManifest.xml:29:13-69
165        </service>
166
167        <receiver
167-->[com.google.android.datatransport:transport-runtime:3.1.8] AndroidManifest.xml:32:9-34:40
168            android:name="com.google.android.datatransport.runtime.scheduling.jobscheduling.AlarmManagerSchedulerBroadcastReceiver"
168-->[com.google.android.datatransport:transport-runtime:3.1.8] AndroidManifest.xml:33:13-132
169            android:exported="false" />
169-->[com.google.android.datatransport:transport-runtime:3.1.8] AndroidManifest.xml:34:13-37
170
171        <property
171-->[com.google.android.gms:play-services-measurement-api:21.5.1] AndroidManifest.xml:30:9-32:61
172            android:name="android.adservices.AD_SERVICES_CONFIG"
172-->[com.google.android.gms:play-services-measurement-api:21.5.1] AndroidManifest.xml:31:13-65
173            android:resource="@xml/ga_ad_services_config" />
173-->[com.google.android.gms:play-services-measurement-api:21.5.1] AndroidManifest.xml:32:13-58
174
175        <provider
175-->[com.google.firebase:firebase-common:20.4.2] AndroidManifest.xml:23:9-28:39
176            android:name="com.google.firebase.provider.FirebaseInitProvider"
176-->[com.google.firebase:firebase-common:20.4.2] AndroidManifest.xml:24:13-77
177            android:authorities="com.example.truequeworld.firebaseinitprovider"
177-->[com.google.firebase:firebase-common:20.4.2] AndroidManifest.xml:25:13-72
178            android:directBootAware="true"
178-->[com.google.firebase:firebase-common:20.4.2] AndroidManifest.xml:26:13-43
179            android:exported="false"
179-->[com.google.firebase:firebase-common:20.4.2] AndroidManifest.xml:27:13-37
180            android:initOrder="100" />
180-->[com.google.firebase:firebase-common:20.4.2] AndroidManifest.xml:28:13-36
181
182        <activity
182-->[com.google.android.gms:play-services-base:18.0.1] AndroidManifest.xml:20:9-22:45
183            android:name="com.google.android.gms.common.api.GoogleApiActivity"
183-->[com.google.android.gms:play-services-base:18.0.1] AndroidManifest.xml:20:19-85
184            android:exported="false"
184-->[com.google.android.gms:play-services-base:18.0.1] AndroidManifest.xml:22:19-43
185            android:theme="@android:style/Theme.Translucent.NoTitleBar" />
185-->[com.google.android.gms:play-services-base:18.0.1] AndroidManifest.xml:21:19-78
186
187        <receiver
187-->[com.google.android.gms:play-services-measurement:21.5.1] AndroidManifest.xml:29:9-33:20
188            android:name="com.google.android.gms.measurement.AppMeasurementReceiver"
188-->[com.google.android.gms:play-services-measurement:21.5.1] AndroidManifest.xml:30:13-85
189            android:enabled="true"
189-->[com.google.android.gms:play-services-measurement:21.5.1] AndroidManifest.xml:31:13-35
190            android:exported="false" >
190-->[com.google.android.gms:play-services-measurement:21.5.1] AndroidManifest.xml:32:13-37
191        </receiver>
192
193        <service
193-->[com.google.android.gms:play-services-measurement:21.5.1] AndroidManifest.xml:35:9-38:40
194            android:name="com.google.android.gms.measurement.AppMeasurementService"
194-->[com.google.android.gms:play-services-measurement:21.5.1] AndroidManifest.xml:36:13-84
195            android:enabled="true"
195-->[com.google.android.gms:play-services-measurement:21.5.1] AndroidManifest.xml:37:13-35
196            android:exported="false" />
196-->[com.google.android.gms:play-services-measurement:21.5.1] AndroidManifest.xml:38:13-37
197        <service
197-->[com.google.android.gms:play-services-measurement:21.5.1] AndroidManifest.xml:39:9-43:72
198            android:name="com.google.android.gms.measurement.AppMeasurementJobService"
198-->[com.google.android.gms:play-services-measurement:21.5.1] AndroidManifest.xml:40:13-87
199            android:enabled="true"
199-->[com.google.android.gms:play-services-measurement:21.5.1] AndroidManifest.xml:41:13-35
200            android:exported="false"
200-->[com.google.android.gms:play-services-measurement:21.5.1] AndroidManifest.xml:42:13-37
201            android:permission="android.permission.BIND_JOB_SERVICE" />
201-->[com.google.android.gms:play-services-measurement:21.5.1] AndroidManifest.xml:43:13-69
202
203        <uses-library
203-->[androidx.privacysandbox.ads:ads-adservices:1.0.0-beta05] AndroidManifest.xml:23:9-25:40
204            android:name="android.ext.adservices"
204-->[androidx.privacysandbox.ads:ads-adservices:1.0.0-beta05] AndroidManifest.xml:24:13-50
205            android:required="false" />
205-->[androidx.privacysandbox.ads:ads-adservices:1.0.0-beta05] AndroidManifest.xml:25:13-37
206
207        <meta-data
207-->[com.google.android.gms:play-services-basement:18.2.0] AndroidManifest.xml:21:9-23:69
208            android:name="com.google.android.gms.version"
208-->[com.google.android.gms:play-services-basement:18.2.0] AndroidManifest.xml:22:13-58
209            android:value="@integer/google_play_services_version" />
209-->[com.google.android.gms:play-services-basement:18.2.0] AndroidManifest.xml:23:13-66
210
211        <provider
211-->[androidx.emoji2:emoji2:1.2.0] AndroidManifest.xml:24:9-32:20
212            android:name="androidx.startup.InitializationProvider"
212-->[androidx.emoji2:emoji2:1.2.0] AndroidManifest.xml:25:13-67
213            android:authorities="com.example.truequeworld.androidx-startup"
213-->[androidx.emoji2:emoji2:1.2.0] AndroidManifest.xml:26:13-68
214            android:exported="false" >
214-->[androidx.emoji2:emoji2:1.2.0] AndroidManifest.xml:27:13-37
215            <meta-data
215-->[androidx.emoji2:emoji2:1.2.0] AndroidManifest.xml:29:13-31:52
216                android:name="androidx.emoji2.text.EmojiCompatInitializer"
216-->[androidx.emoji2:emoji2:1.2.0] AndroidManifest.xml:30:17-75
217                android:value="androidx.startup" />
217-->[androidx.emoji2:emoji2:1.2.0] AndroidManifest.xml:31:17-49
218            <meta-data
218-->[androidx.lifecycle:lifecycle-process:2.4.1] AndroidManifest.xml:31:13-33:52
219                android:name="androidx.lifecycle.ProcessLifecycleInitializer"
219-->[androidx.lifecycle:lifecycle-process:2.4.1] AndroidManifest.xml:32:17-78
220                android:value="androidx.startup" />
220-->[androidx.lifecycle:lifecycle-process:2.4.1] AndroidManifest.xml:33:17-49
221        </provider>
222    </application>
223
224</manifest>